<?xml version="1.0" encoding="UTF-8" standalone="yes" ?>
<test-results name="C:\dev\delphi\chainOfResponsability\tests\bin\chainofresptests.exe" total="12" errors="0" failures="0" ignored="0" inconclusive="0" not-run="0" skipped="0" invalid="0" date="2023-02-11" time="0.110">
  <culture-info current-culture="en" current-uiculture="en" />
  <test-suite type="Assembly" name="chainofresptests.exe" executed="true" result="Success" success="True" time="0.110" asserts="0">
    <results>
        <test-suite type="Namespace" name="untRide" executed="true" result="Success" success="True" time="0.109" asserts="0" >
          <results>
              <test-suite type="Fixture" name="TMyTestObject" executed="True" result="Success" success="True" time="0.109" >
                <results>
                  <test-case name="CorridaEmDiaSemanaHorarioNormal" executed="True" result="Success" success="True" time="0.000" asserts="0" />
                  <test-case name="CorridaEmDiaSemanaHorarioNoturno" executed="True" result="Success" success="True" time="0.000" asserts="0" />
                  <test-case name="CorridaDomingoEmHorarioNormal" executed="True" result="Success" success="True" time="0.000" asserts="0" />
                  <test-case name="CorridaDomingoEmHorarioNoturno" executed="True" result="Success" success="True" time="0.000" asserts="0" />
                  <test-case name="CorridaHorarioPicoAs07H0M" executed="True" result="Success" success="True" time="0.000" asserts="0" />
                  <test-case name="CorridaHorarioPicoAs07H30M" executed="True" result="Success" success="True" time="0.000" asserts="0" />
                  <test-case name="CorridaHorarioPicoAs08H00M" executed="True" result="Success" success="True" time="0.000" asserts="0" />
                  <test-case name="CorridaHorarioPicoAs08H30M" executed="True" result="Success" success="True" time="0.000" asserts="0" />
                  <test-case name="CorridaComDistanciaInvalida" executed="True" result="Success" success="True" time="0.000" asserts="0" />
                  <test-case name="CorridaComDataInvalida" executed="True" result="Success" success="True" time="0.000" asserts="0" />
                  <test-case name="CorridaComValorMinimo" executed="True" result="Success" success="True" time="0.000" asserts="0" />
                  <test-case name="CorridaNoDiaPrimeiro" executed="True" result="Success" success="True" time="0.000" asserts="0" />
                </results>
              </test-suite>
          </results>
        </test-suite>
    </results>
  </test-suite>
</test-results>
